RANGES:
Nsubsets: 40
 0:   0      -   8     
 1:   9     
 2:  10     
 3:  11      -  31     
 4:  32(' ')
 5:  33('!')
 6:  34('"')
 7:  35('#')
 8:  36('$') -  41(')')
 9:  42('*')
10:  43('+') -  46('.')
11:  47('/')
12:  48('0') -  57('9')
13:  58(':') -  59(';')
14:  60('<')
15:  61('=') -  64('@')
16:  65('A') -  90('Z')
17:  91('[')
18:  92('\')
19:  93(']') -  94('^')
20:  95('_')
21:  96('`')
22:  97('a') -  98('b')
23:  99('c')
24: 100('d')
25: 101('e')
26: 102('f')
27: 103('g') - 104('h')
28: 105('i')
29: 106('j') - 107('k')
30: 108('l')
31: 109('m')
32: 110('n')
33: 111('o') - 114('r')
34: 115('s')
35: 116('t')
36: 117('u')
37: 118('v') - 122('z')
38: 123('{') - 255     
EOF: 39


RULES:
Rules active for `INITIAL':
0, 1, 2, 6, 7, 13, 14, 15, 16, 17, 18, 19, 20, 24, 25, 26, 27, 28, 
Rules active for `string':
8, 9, 10, 11, 12, 
Rules active for `comment':
3, 4, 5, 
Rules active for `directive':
21, 22, 23, 

rule  0 (lexer 17). Startstate  1
rule  1 (lexer 20). Startstate 10
rule  2 (lexer 23). Startstate 20
rule  3 (lexer 29). Startstate 22
rule  4 (lexer 30). Startstate 29
rule  5 (lexer 31). Startstate 32
rule  6 (lexer 34). Startstate 34
rule  7 (lexer 36). Startstate 36
rule  8 (lexer 39). Startstate 40
rule  9 (lexer 41). Startstate 43
rule 10 (lexer 43). Startstate 45
rule 11 (lexer 44). Startstate 48
rule 12 (lexer 46). Startstate 50
rule 13 (lexer 49). Startstate 53
rule 14 (lexer 50). Startstate 74
rule 15 (lexer 51). Startstate 79
rule 16 (lexer 52). Startstate 89
rule 17 (lexer 53). Startstate 116
rule 18 (lexer 54). Startstate 138
rule 19 (lexer 55). Startstate 154
rule 20 (lexer 57). Startstate 176
rule 21 (lexer 60). Startstate 185
rule 22 (lexer 62). Startstate 188
rule 23 (lexer 64). Startstate 190
rule 24 (lexer 68). Startstate 193
rule 25 (lexer 69). Startstate 200
rule 26 (lexer 71). Startstate 202
rule 27 (lexer 73). Startstate 206
rule 28 (lexer 75). Startstate 213


STATES:
 E: EMPTY, F: FINAL, S: SET, <nr>: range
 NR  TYPE   F   N1 N2 [range-indices]
---------------------------------------------------
  1: E -> 2, 0
  2: E -> 3, 6
  3: S -> 4, 0 [ 1 4 ]
  4: E -> 3, 6
  5: S -> 9, 0 [ 0 1 3 4 5 6 7 8 9 10 11 12 13 14 15 16 17 18 19 20 21 22 23 24 25 26 27 28 29 30 31 32 33 34 35 36 37 38 ]
  6: 7 -> 7, 0
  7: 5 -> 8, 0
  8: E -> 5, 11
  9: E -> 5, 11
 10: E -> 12, 0
 11: F -> 0, 0
 12: E -> 13, 16
 13: S -> 14, 0 [ 1 4 ]
 14: E -> 13, 16
 15: S -> 19, 0 [ 1 4 ]
 16: 11 -> 17, 0
 17: 9 -> 18, 0
 18: F -> 0, 0
 19: E -> 15, 21
 20: E -> 15, 21
 21: 11 -> 23, 0
 22: 9 -> 25, 0
 23: 9 -> 24, 0
 24: F -> 0, 0
 25: 11 -> 26, 0
 26: E -> 27, 30
 27: S -> 28, 0 [ 1 4 ]
 28: E -> 27, 30
 29: S -> 31, 0 [ 0 1 3 4 5 6 7 8 9 10 11 12 13 14 15 16 17 18 19 20 21 22 23 24 25 26 27 28 29 30 31 32 33 34 35 36 37 38 ]
 30: F -> 0, 0
 31: F -> 0, 0
 32: 2 -> 33, 0
 33: F -> 0, 0
 34: 6 -> 35, 0
 35: F -> 0, 0
 36: S -> 37, 0 [ 16 20 22 23 24 25 26 27 28 29 30 31 32 33 34 35 36 37 ]
 37: E -> 38, 41
 38: S -> 39, 0 [ 12 16 20 22 23 24 25 26 27 28 29 30 31 32 33 34 35 36 37 ]
 39: E -> 38, 41
 40: 6 -> 42, 0
 41: F -> 0, 0
 42: F -> 0, 0
 43: 18 -> 44, 0
 44: S -> 46, 0 [ 0 1 3 4 5 6 7 8 9 10 11 12 13 14 15 16 17 18 19 20 21 22 23 24 25 26 27 28 29 30 31 32 33 34 35 36 37 38 ]
 45: S -> 47, 0 [ 0 1 3 4 5 6 7 8 9 10 11 12 13 14 15 16 17 18 19 20 21 22 23 24 25 26 27 28 29 30 31 32 33 34 35 36 37 38 ]
 46: F -> 0, 0
 47: F -> 0, 0
 48: 18 -> 49, 0
 49: 2 -> 51, 0
 50: 2 -> 52, 0
 51: F -> 0, 0
 52: F -> 0, 0
 53: E -> 54, 0
 54: E -> 55, 58
 55: S -> 56, 0 [ 1 4 ]
 56: E -> 55, 58
 57: S -> 66, 0 [ 1 4 ]
 58: 7 -> 59, 0
 59: 24 -> 60, 0
 60: 25 -> 61, 0
 61: 26 -> 62, 0
 62: 28 -> 63, 0
 63: 32 -> 64, 0
 64: 25 -> 65, 0
 65: E -> 57, 0
 66: E -> 57, 68
 67: S -> 72, 0 [ 1 4 ]
 68: S -> 69, 0 [ 16 20 22 23 24 25 26 27 28 29 30 31 32 33 34 35 36 37 ]
 69: E -> 70, 73
 70: S -> 71, 0 [ 12 16 20 22 23 24 25 26 27 28 29 30 31 32 33 34 35 36 37 ]
 71: E -> 70, 73
 72: E -> 67, 75
 73: E -> 67, 75
 74: E -> 76, 0
 75: F -> 0, 0
 76: E -> 77, 80
 77: S -> 78, 0 [ 1 4 ]
 78: E -> 77, 80
 79: E -> 86, 0
 80: 7 -> 81, 0
 81: 25 -> 82, 0
 82: 30 -> 83, 0
 83: 34 -> 84, 0
 84: 25 -> 85, 0
 85: F -> 0, 0
 86: E -> 87, 90
 87: S -> 88, 0 [ 1 4 ]
 88: E -> 87, 90
 89: E -> 97, 0
 90: 7 -> 91, 0
 91: 25 -> 92, 0
 92: 32 -> 93, 0
 93: 24 -> 94, 0
 94: 28 -> 95, 0
 95: 26 -> 96, 0
 96: F -> 0, 0
 97: E -> 98, 101
 98: S -> 99, 0 [ 1 4 ]
 99: E -> 98, 101
100: S -> 108, 0 [ 1 4 ]
101: 7 -> 102, 0
102: 28 -> 103, 0
103: 26 -> 104, 0
104: 24 -> 105, 0
105: 25 -> 106, 0
106: 26 -> 107, 0
107: E -> 100, 0
108: E -> 100, 110
109: S -> 114, 0 [ 1 4 ]
110: S -> 111, 0 [ 16 20 22 23 24 25 26 27 28 29 30 31 32 33 34 35 36 37 ]
111: E -> 112, 115
112: S -> 113, 0 [ 12 16 20 22 23 24 25 26 27 28 29 30 31 32 33 34 35 36 37 ]
113: E -> 112, 115
114: E -> 109, 117
115: E -> 109, 117
116: E -> 118, 0
117: F -> 0, 0
118: E -> 119, 122
119: S -> 120, 0 [ 1 4 ]
120: E -> 119, 122
121: S -> 130, 0 [ 1 4 ]
122: 7 -> 123, 0
123: 28 -> 124, 0
124: 26 -> 125, 0
125: 32 -> 126, 0
126: 24 -> 127, 0
127: 25 -> 128, 0
128: 26 -> 129, 0
129: E -> 121, 0
130: E -> 121, 132
131: S -> 136, 0 [ 1 4 ]
132: S -> 133, 0 [ 16 20 22 23 24 25 26 27 28 29 30 31 32 33 34 35 36 37 ]
133: E -> 134, 137
134: S -> 135, 0 [ 12 16 20 22 23 24 25 26 27 28 29 30 31 32 33 34 35 36 37 ]
135: E -> 134, 137
136: E -> 131, 139
137: E -> 131, 139
138: E -> 140, 0
139: F -> 0, 0
140: E -> 141, 144
141: S -> 142, 0 [ 1 4 ]
142: E -> 141, 144
143: S -> 153, 0 [ 1 4 ]
144: 7 -> 145, 0
145: 28 -> 146, 0
146: 32 -> 147, 0
147: 23 -> 148, 0
148: 30 -> 149, 0
149: 36 -> 150, 0
150: 24 -> 151, 0
151: 25 -> 152, 0
152: E -> 143, 0
153: E -> 143, 155
154: E -> 157, 0
155: S -> 156, 0 [ 6 14 ]
156: F -> 0, 0
157: E -> 158, 161
158: S -> 159, 0 [ 1 4 ]
159: E -> 158, 161
160: S -> 168, 0 [ 1 4 ]
161: 7 -> 162, 0
162: 36 -> 163, 0
163: 32 -> 164, 0
164: 24 -> 165, 0
165: 25 -> 166, 0
166: 26 -> 167, 0
167: E -> 160, 0
168: E -> 160, 170
169: S -> 174, 0 [ 1 4 ]
170: S -> 171, 0 [ 16 20 22 23 24 25 26 27 28 29 30 31 32 33 34 35 36 37 ]
171: E -> 172, 175
172: S -> 173, 0 [ 12 16 20 22 23 24 25 26 27 28 29 30 31 32 33 34 35 36 37 ]
173: E -> 172, 175
174: E -> 169, 177
175: E -> 169, 177
176: E -> 178, 0
177: F -> 0, 0
178: E -> 179, 182
179: S -> 180, 0 [ 1 4 ]
180: E -> 179, 182
181: S -> 184, 0 [ 0 3 5 6 7 8 9 10 11 12 13 14 15 16 17 18 19 20 21 22 23 24 25 26 27 28 29 30 31 32 33 34 35 36 37 38 ]
182: 7 -> 183, 0
183: E -> 181, 186
184: E -> 181, 186
185: S -> 187, 0 [ 0 1 3 4 5 6 7 8 9 10 11 12 13 14 15 16 17 18 19 20 21 22 23 24 25 26 27 28 29 30 31 32 33 34 35 36 37 38 ]
186: F -> 0, 0
187: F -> 0, 0
188: 18 -> 189, 0
189: 2 -> 191, 0
190: 2 -> 192, 0
191: F -> 0, 0
192: F -> 0, 0
193: E -> 194, 0
194: E -> 195, 0
195: S -> 196, 0 [ 1 4 ]
196: E -> 195, 198
197: S -> 199, 0 [ 1 4 ]
198: F -> 0, 0
199: E -> 197, 201
200: E -> 197, 0
201: F -> 0, 0
202: S -> 203, 0 [ 0 1 3 4 5 6 7 8 9 10 11 12 13 14 15 16 17 18 19 20 21 22 23 24 25 26 27 28 29 30 31 32 33 34 35 36 37 38 ]
203: F -> 0, 0
204: S -> 205, 0 [ 1 4 ]
205: E -> 204, 207
206: E -> 204, 207
207: E -> 208, 214
208: 11 -> 209, 0
209: 11 -> 210, 0
210: E -> 211, 214
211: S -> 212, 0 [ 0 1 3 4 5 6 7 8 9 10 11 12 13 14 15 16 17 18 19 20 21 22 23 24 25 26 27 28 29 30 31 32 33 34 35 36 37 38 ]
212: E -> 211, 214
213: 39 -> 216, 0
214: 2 -> 215, 0
215: F -> 0, 0
216: F -> 0, 0


DFA for INITIAL
-------------------------------------------------------------------------------------------------------------------------------------------------------------------------------
      0   1  2   3   4   5   6   7   8   9  10  11  12  13  14  15  16  17  18  19  20  21  22  23  24  25  26  27  28  29  30  31  32  33  34  35  36  37  38  39   F       
    -------------------------------------------------------------------------------------------------------------------------------------------------------------------------- 
  0   1   2  3   1   2   1   4   5   1   1   1   6   1   1   1   1   7   1   1   1   7   1   7   7   7   7   7   7   7   7   7   7   7   7   7   7   7   7   1  8            
  1                                                                                                                                                                  26      
  2       2  3       2           9              10                                                                                                                   25,24   
  3                                                                                                                                                                  27      
  4                                                                                                                                                                  6       
  5  11         11      12  11  11  11  11  11  11  11  11  11  11  11  11  11  11  11  11  11  11  13  14  11  11  15  11  11  11  11  11  11  11  16  11  11       26,20   
  6                                     17      18                                                                                                                   26      
  7                                                  7               7               7       7   7   7   7   7   7   7   7   7   7   7   7   7   7   7   7           7       
  8                                                                                                                                                                  28      
  9  11         11      12  11  11  11  11  11  11  11  11  11  11  11  11  11  11  11  11  11  11  13  14  11  11  15  11  11  11  11  11  11  11  16  11  11       20      
 10                                     17      18                                                                                                                           
 11  11         11      11  11  11  11  11  11  11  11  11  11  11  11  11  11  11  11  11  11  11  11  11  11  11  11  11  11  11  11  11  11  11  11  11  11       20      
 12  12  19     12  19  12  12  12  12  12  12  12  12  12  12  12  12  12  12  12  12  12  12  12  12  12  12  12  12  12  12  12  12  12  12  12  12  12  12       0       
 13  11         11      11  11  11  11  11  11  11  11  11  11  11  11  11  11  11  11  11  11  11  11  20  11  11  11  11  11  11  11  11  11  11  11  11  11       20      
 14  11         11      11  11  11  11  11  11  11  11  11  11  11  11  11  11  11  11  11  11  11  11  11  11  11  11  11  21  11  22  11  11  11  11  11  11       20      
 15  11         11      11  11  11  11  11  11  11  11  11  11  11  11  11  11  11  11  11  11  11  11  11  23  11  11  11  11  11  24  11  11  11  11  11  11       20      
 16  11         11      11  11  11  11  11  11  11  11  11  11  11  11  11  11  11  11  11  11  11  11  11  11  11  11  11  11  11  25  11  11  11  11  11  11       20      
 17                                                                                                                                                                  2,1     
 18  18  18  3  18  18  18  18  18  18  18  18  18  18  18  18  18  18  18  18  18  18  18  18  18  18  18  18  18  18  18  18  18  18  18  18  18  18  18  18               
 19  19  19     19  19  19  19  19  19  19  19  19  19  19  19  19  19  19  19  19  19  19  19  19  19  19  19  19  19  19  19  19  19  19  19  19  19  19  19       0       
 20  11         11      11  11  11  11  11  11  11  11  11  11  11  11  11  11  11  11  11  11  11  11  11  26  11  11  11  11  11  11  11  11  11  11  11  11       20      
 21  11         11      11  11  11  11  11  11  11  11  11  11  11  11  11  11  11  11  11  11  11  11  11  11  11  11  11  11  11  11  11  27  11  11  11  11       20      
 22  11         11      11  11  11  11  11  11  11  11  11  11  11  11  11  11  11  11  11  11  11  28  11  11  11  11  11  11  11  11  11  11  11  11  11  11       20      
 23  11         11      11  11  11  11  11  11  11  11  11  11  11  11  11  11  11  11  11  11  11  29  11  11  11  11  11  11  11  30  11  11  11  11  11  11       20      
 24  11         11      11  11  11  11  11  11  11  11  11  11  11  11  11  11  11  11  11  11  31  11  11  11  11  11  11  11  11  11  11  11  11  11  11  11       20      
 25  11         11      11  11  11  11  11  11  11  11  11  11  11  11  11  11  11  11  11  11  11  32  11  11  11  11  11  11  11  11  11  11  11  11  11  11       20      
 26  11         11      11  11  11  11  11  11  11  11  11  11  11  11  11  11  11  11  11  11  11  11  11  11  11  33  11  11  11  11  11  11  11  11  11  11       20      
 27  11         11      11  11  11  11  11  11  11  11  11  11  11  11  11  11  11  11  11  11  11  11  34  11  11  11  11  11  11  11  11  11  11  11  11  11       20      
 28  11         11      11  11  11  11  11  11  11  11  11  11  11  11  11  11  11  11  11  11  11  11  11  11  11  35  11  11  11  11  11  11  11  11  11  11       20      
 29  11         11      11  11  11  11  11  11  11  11  11  11  11  11  11  11  11  11  11  11  11  11  36  11  11  11  11  11  11  11  11  11  11  11  11  11       20      
 30  11         11      11  11  11  11  11  11  11  11  11  11  11  11  11  11  11  11  11  11  11  37  11  11  11  11  11  11  11  11  11  11  11  11  11  11       20      
 31  11         11      11  11  11  11  11  11  11  11  11  11  11  11  11  11  11  11  11  11  11  11  11  11  11  11  11  38  11  11  11  11  11  11  11  11       20      
 32  11         11      11  11  11  11  11  11  11  11  11  11  11  11  11  11  11  11  11  11  11  11  39  11  11  11  11  11  11  11  11  11  11  11  11  11       20      
 33  11         11      11  11  11  11  11  11  11  11  11  11  11  11  11  11  11  11  11  11  11  11  11  11  11  11  11  11  11  40  11  11  11  11  11  11       20      
 34  11         11      11  11  11  11  11  11  11  11  11  11  11  11  11  11  11  11  11  11  11  11  11  11  11  11  11  11  11  11  11  11  11  11  11  11       14      
 35  11         11      11  11  11  11  11  11  11  11  11  11  11  11  11  11  11  11  11  11  11  11  11  41  11  11  11  11  11  11  11  11  11  11  11  11       20      
 36  11         11      11  11  11  11  11  11  11  11  11  11  11  11  11  11  11  11  11  11  11  11  11  42  11  11  11  11  11  11  11  11  11  11  11  11       20      
 37  11         11      11  11  11  11  11  11  11  11  11  11  11  11  11  11  11  11  11  11  11  11  43  11  11  11  11  11  11  11  11  11  11  11  11  11       20      
 38  11         11      11  11  11  11  11  11  11  11  11  11  11  11  11  11  11  11  11  11  11  11  11  11  11  11  11  11  11  11  11  11  11  44  11  11       20      
 39  11         11      11  11  11  11  11  11  11  11  11  11  11  11  11  11  11  11  11  11  11  11  11  45  11  11  11  11  11  11  11  11  11  11  11  11       20      
 40  11         11      11  11  11  11  11  11  11  11  11  11  11  11  11  11  11  11  11  11  11  11  46  11  11  11  11  11  11  11  11  11  11  11  11  11       20      
 41  11         11      11  11  11  11  11  11  11  11  11  11  11  11  11  11  11  11  11  11  11  11  11  11  11  11  11  11  11  11  11  11  11  11  11  11       15      
 42  11  47     11  47  11  11  11  11  11  11  11  11  11  11  11  11  11  11  11  11  11  11  11  11  11  11  11  11  11  11  11  11  11  11  11  11  11  11       20      
 43  11         11      11  11  11  11  11  11  11  11  11  11  11  11  11  11  11  11  11  11  11  11  11  48  11  11  11  11  11  11  11  11  11  11  11  11       20      
 44  11         11      11  11  11  11  11  11  11  11  11  11  11  11  11  11  11  11  11  11  11  49  11  11  11  11  11  11  11  11  11  11  11  11  11  11       20      
 45  11  50     11  50  11  11  11  11  11  11  11  11  11  11  11  11  11  11  11  11  11  11  11  11  11  11  11  11  11  11  11  11  11  11  11  11  11  11       20      
 46  11  51     11  51  11  11  11  11  11  11  11  11  11  11  11  11  11  11  11  11  11  11  11  11  11  11  11  11  11  11  11  11  11  11  11  11  11  11       20      
 47      47         47                                              52              52      52  52  52  52  52  52  52  52  52  52  52  52  52  52  52  52                   
 48  11  53     11  53  11  11  11  11  11  11  11  11  11  11  11  11  11  11  11  11  11  11  11  11  11  11  11  11  11  11  11  11  11  11  11  11  11  11       20      
 49  11         11      11  11  11  11  11  11  11  11  11  11  11  11  11  11  11  11  11  11  11  11  54  11  11  11  11  11  11  11  11  11  11  11  11  11       20      
 50      50         50                                              55              55      55  55  55  55  55  55  55  55  55  55  55  55  55  55  55  55                   
 51      51         51                                              56              56      56  56  56  56  56  56  56  56  56  56  56  56  56  56  56  56                   
 52      57         57                              52              52              52      52  52  52  52  52  52  52  52  52  52  52  52  52  52  52  52           16      
 53      53         53                                              58              58      58  58  58  58  58  58  58  58  58  58  58  58  58  58  58  58                   
 54  11  59     11  59  11  11  11  11  11  11  11  11  11  11  11  11  11  11  11  11  11  11  11  11  11  11  11  11  11  11  11  11  11  11  11  11  11  11       20      
 55      60         60                              55              55              55      55  55  55  55  55  55  55  55  55  55  55  55  55  55  55  55           19      
 56      61         61                              56              56              56      56  56  56  56  56  56  56  56  56  56  56  56  56  56  56  56           13      
 57      57         57                                                                                                                                               16      
 58      62         62                              58              58              58      58  58  58  58  58  58  58  58  58  58  58  58  58  58  58  58           17      
 59      59         59      63                              63                                                                                                               
 60      60         60                                                                                                                                               19      
 61      61         61                                                                                                                                               13      
 62      62         62                                                                                                                                               17      
 63                                                                                                                                                                  18      
-------------------------------------------------------------------------------------------------------------------------------------------------------------------------------

DFA for string
---------------------------------------------------------------------------------------------------------------------------------------------------------------
     0  1  2  3  4  5  6  7  8  9  10  11  12  13  14  15  16  17  18  19  20  21  22  23  24  25  26  27  28  29  30  31  32  33  34  35  36  37  38   F    
    ---------------------------------------------------------------------------------------------------------------------------------------------------------- 
  0  1  1  2  1  1  1  3  1  1  1   1   1   1   1   1   1   1   1   4   1   1   1   1   1   1   1   1   1   1   1   1   1   1   1   1   1   1   1  1         
  1                                                                                                                                                     10   
  2                                                                                                                                                     12   
  3                                                                                                                                                     8    
  4  5  5  6  5  5  5  5  5  5  5   5   5   5   5   5   5   5   5   5   5   5   5   5   5   5   5   5   5   5   5   5   5   5   5   5   5   5   5  5    10   
  5                                                                                                                                                     9    
  6                                                                                                                                                     11   
---------------------------------------------------------------------------------------------------------------------------------------------------------------

DFA for comment
--------------------------------------------------------------------------------------------------------------------------------------------------------------
     0  1  2  3  4  5  6  7  8  9  10  11  12  13  14  15  16  17  18  19  20  21  22  23  24  25  26  27  28  29  30  31  32  33  34  35  36  37  38   F   
    --------------------------------------------------------------------------------------------------------------------------------------------------------- 
  0  1  1  2  1  1  1  1  1  1  3   1   1   1   1   1   1   1   1   1   1   1   1   1   1   1   1   1   1   1   1   1   1   1   1   1   1   1   1  1        
  1                                                                                                                                                     4   
  2                                                                                                                                                     5   
  3                                     4                                                                                                               4   
  4     4        4                                                                                                                                      3   
--------------------------------------------------------------------------------------------------------------------------------------------------------------

DFA for directive
---------------------------------------------------------------------------------------------------------------------------------------------------------------
     0  1  2  3  4  5  6  7  8  9  10  11  12  13  14  15  16  17  18  19  20  21  22  23  24  25  26  27  28  29  30  31  32  33  34  35  36  37  38   F    
    ---------------------------------------------------------------------------------------------------------------------------------------------------------- 
  0  1  1  2  1  1  1  1  1  1  1   1   1   1   1   1   1   1   1   3   1   1   1   1   1   1   1   1   1   1   1   1   1   1   1   1   1   1   1  1         
  1                                                                                                                                                     21   
  2                                                                                                                                                     23   
  3        4                                                                                                                                            21   
  4                                                                                                                                                     22   
---------------------------------------------------------------------------------------------------------------------------------------------------------------


